
<!DOCTYPE html>
<html>


<head>
	<meta charset='utf-8' /> 
	<meta name='description' content='' />
	<meta name='robots' content='noodp, noydir' />
	<meta name='viewport' content='width=device-width, initial-scale=1' />
	<meta id="timeStampFormat" name="timeStampFormat" content='MMM d, yyyy hh:mm:ss a'/>
	
	<link href='https://fonts.googleapis.com/css?family=Source+Sans+Pro:400,600' rel='stylesheet' type='text/css'>
	<link href="https://fonts.googleapis.com/icon?family=Material+Icons" rel="stylesheet">

		<link href='https://cdn.rawgit.com/anshooarora/extentreports-java/6d3843c29c354373fafad29c03a1a89b7e06c374/dist/css/extent.css' type='text/css' rel='stylesheet' />
	
	<title>ExtentReports</title>

</head>

	<body class='extent standard default hide-overflow bdd-report'>
		<div id='theme-selector' alt='Click to toggle theme. To enable by default, use theme configuration.' title='Click to toggle theme. To enable by default, use theme configuration.'>
			<span><i class='material-icons'>desktop_windows</i></span>
		</div>

<nav>
	<div class="nav-wrapper">
		<a href="#!" class="brand-logo blue darken-3">Extent</a>

		<!-- slideout menu -->
		<ul id='slide-out' class='side-nav fixed hide-on-med-and-down'>
			<li class='waves-effect active'><a href='#!' view='test-view' onclick="configureView(0);chartsView('test');"><i class='material-icons'>dashboard</i></a></li>
						<li class='waves-effect'><a href='#!' view='exception-view' onclick="configureView(2)"><i class='material-icons'>bug_report</i></a></li>
			<li class='waves-effect'><a href='#!' onclick="configureView(-1);chartsView('dashboard');" view='dashboard-view'><i class='material-icons'>track_changes</i></i></a></li>
		</ul>

		<!-- report name -->
		<span class='report-name'>ExtentReports</span>
		
		<!-- report headline -->
		<span class='report-headline'></span>

		<!-- nav-right -->
		<ul id='nav-mobile' class='right hide-on-med-and-down nav-right'>
			<li>
                <a href='#!'>
                    <span class='label suite-start-time blue darken-3'>Oct 26, 2020 10:51:14 PM</span>
				</a>
			</li>
			<li>
                <a href='#!'>
                    <span class='label blue darken-3'>v3.0.6</span>
				</a>
			</li>
		</ul>
	</div>
</nav>

		<!-- container -->
		<div class='container'>

<div id='test-view' class='view'>
				
	<section id='controls'>
		<div class='controls grey lighten-4'>
			<!-- test toggle -->
			<div class='chip transparent'>
				<a class='dropdown-button tests-toggle' data-activates='tests-toggle' data-constrainwidth='true' data-beloworigin='true' data-hover='true' href='#'>
					<i class='material-icons'>warning</i> Status
				</a>
				<ul id='tests-toggle' class='dropdown-content'>
											<li status='pass'><a href='#!'>Pass <i class='material-icons green-text'>check_circle</i></a></li>
						<li status='fail'><a href='#!'>Fail <i class='material-icons red-text'>cancel</i></a></li>
						<li status='skip'><a href='#!'>Skip <i class='material-icons cyan-text'>redo</i></a></li>
					<li class='divider'></li>
					<li status='clear' clear='true'><a href='#!'>Clear Filters <i class='material-icons'>clear</i></a></li>
				</ul>
			</div>
			<!-- test toggle -->

			<!-- category toggle -->
			<!-- category toggle -->

			<!-- clear filters -->
			<div class='chip transparent hide'>
				<a class='' id='clear-filters' alt='Clear Filters' title='Clear Filters'>
					<i class='material-icons'>close</i> Clear
				</a>
			</div>
			<!-- clear filters -->

			<!-- enable dashboard -->
			<div id='toggle-test-view-charts' class='chip transparent'>
				<a class='pink-text' id='enable-dashboard' alt='Enable Dashboard' title='Enable Dashboard'>
					<i class='material-icons'>track_changes</i> Dashboard
				</a>
			</div>
			<!-- enable dashboard -->

			<!-- search -->
			<div class='chip transparent' alt='Search Tests' title='Search Tests'>
				<a href="#" class='search-div'>
					<i class='material-icons'>search</i> Search
				</a>

				<div class='input-field left hide'>
					<input id='search-tests' type='text' class='validate browser-default' placeholder='Search Tests...'>
				</div>
				
			</div>
			<!-- search -->
		</div>
	</section>


<div id='test-view-charts' class='subview-full'>
	<div id='charts-row' class='row nm-v nm-h'>
		<div class='col s12 m4 l4 np-h'>
			<div class='card-panel nm-v'>
				<div class='left panel-name'>Features</div>
				<div class='chart-box'>
					<canvas id='parent-analysis' width='100' height='80'></canvas>
				</div>
				<div class='block text-small'>
					<span class='tooltipped' data-position='top' data-tooltip='0%'><span class='strong'>0</span> feature(s) passed</span>
				</div>
				<div class='block text-small'>
					<span class='strong tooltipped' data-position='top' data-tooltip='100%'>2</span> feature(s) failed, <span class='strong tooltipped' data-position='top' data-tooltip='0%'>0</span> others
				</div>
			</div>
		</div>
		
		<div class='col s12 m4 l4 np-h'>
			<div class='card-panel nm-v'>
				<div class='left panel-name'>Scenarios</div>
				<div class='chart-box'>
					<canvas id='child-analysis' width='100' height='80'></canvas>
				</div>
				<div class='block text-small'>
					<span class='tooltipped' data-position='top' data-tooltip='0%'><span class='strong'>0</span> scenario(s) passed</span>
				</div>
				<div class='block text-small'>
					<span class='strong tooltipped' data-position='top' data-tooltip='100%'>4</span> scenario(s) failed, <span class='strong tooltipped' data-position='top' data-tooltip='0%'>0</span> others
				</div>
			</div>
		</div>
		
		<div class='col s12 m4 l4 np-h'>
			<div class='card-panel nm-v'>
				<div class='left panel-name'>Steps</div>
				<div class='chart-box'>
					<canvas id='grandchild-analysis' width='100' height='80'></canvas>
				</div>
				<div class='block text-small'>
					<span class='tooltipped' data-position='top' data-tooltip='71.429%'><span class='strong'>15</span> step(s) passed</span>
				</div>
				<div class='block text-small'>
					<span class='strong tooltipped' data-position='top' data-tooltip='19.048%'>4</span> step(s) failed, <span class='strong tooltipped' data-position='top' data-tooltip='9.524%'>2</span> others
				</div>
			</div>
		</div>
	</div>
</div>

	<div class='subview-left left'>
		
		<div class='view-summary'>
			<h5>Features</h5>
			<ul id='test-collection' class='test-collection'>
				
				
				<li class='test displayed active has-leaf fail' status='fail' bdd='true' test-id='1'>
					<div class='test-heading'>
						<span class='test-name'>Sign Up to XDC</span>
						<span class='test-time'>Oct 26, 2020 10:51:14 PM</span>
						<span class='test-status right fail'>fail</span>
					</div>
					<div class='test-content hide'>
<div class='scenariooutline node' test-id='2' status='fail'>
	<span class='duration right label'>0h 0m 22s+445ms</span>
	<div class='desc'>
		<b>ScenarioOutline</b>
		<span class="desc-text">ID02-A:Sign Up to XD</span>
	</div>
	<ul class='steps'>
		<li test-id='3' class='node scenario fail' status='fail'>
			
			<b>Scenario</b>
			
			<span class="bdd-step-name">ID02-A:Sign Up to XD</span>
			
				<ul class='steps'>
					<li test-id='4' class='node given pass' status='pass'><b>Given</b>
						<span class="bdd-step-name">Given Click on FREE TRIAL icon</span>
							<div class='pre'>passed</div>
					</li>
					<li test-id='5' class='node then pass' status='pass'><b>Then</b>
						<span class="bdd-step-name">Then enter "Poornima" and "Kaa" and "poornimakatti03@gmail.com" and "4083389845"</span>
							<div class='pre'>passed</div>
					</li>
					<li test-id='6' class='node then pass' status='pass'><b>Then</b>
						<span class="bdd-step-name">Then select Country from the List Box</span>
							<div class='pre'>passed</div>
					</li>
					<li test-id='7' class='node then fail' status='fail'><b>Then</b>
						<span class="bdd-step-name">Then check on captcha</span>
							<div class='pre'><pre>org.openqa.selenium.NoSuchElementException: no such element: Unable to locate element: {"method":"xpath","selector":"//div//span[@id='recaptcha-anchor']"}
  (Session info: chrome=86.0.4240.111)
For documentation on this error, please visit: https://www.seleniumhq.org/exceptions/no_such_element.html
Build info: version: '3.141.59', revision: 'e82be7d358', time: '2018-11-14T08:17:03'
System info: host: 'MacBook-Pro.local', ip: 'fe80:0:0:0:14c5:3209:2c7b:a8cb%en0', os.name: 'Mac OS X', os.arch: 'x86_64', os.version: '10.15.5', java.version: '1.8.0_261'
Driver info: org.openqa.selenium.chrome.ChromeDriver
Capabilities {acceptInsecureCerts: false, browserName: chrome, browserVersion: 86.0.4240.111, chrome: {chromedriverVersion: 86.0.4240.22 (398b0743353ff..., userDataDir: /var/folders/x8/kk6n2vjn1k1...}, goog:chromeOptions: {debuggerAddress: localhost:58328}, javascriptEnabled: true, networkConnectionEnabled: false, pageLoadStrategy: normal, platform: MAC, platformName: MAC, proxy: Proxy(), setWindowRect: true, strictFileInteractability: false, timeouts: {implicit: 0, pageLoad: 300000, script: 30000}, unhandledPromptBehavior: dismiss and notify, webauthn:virtualAuthenticators: true}
Session ID: 979498fa3408fe999bf36b2c1587a00c
*** Element info: {Using=xpath, value=//div//span[@id='recaptcha-anchor']}
	at sun.reflect.NativeConstructorAccessorImpl.newInstance0(Native Method)
	at sun.reflect.NativeConstructorAccessorImpl.newInstance(NativeConstructorAccessorImpl.java:62)
	at sun.reflect.DelegatingConstructorAccessorImpl.newInstance(DelegatingConstructorAccessorImpl.java:45)
	at java.lang.reflect.Constructor.newInstance(Constructor.java:423)
	at org.openqa.selenium.remote.http.W3CHttpResponseCodec.createException(W3CHttpResponseCodec.java:187)
	at org.openqa.selenium.remote.http.W3CHttpResponseCodec.decode(W3CHttpResponseCodec.java:122)
	at org.openqa.selenium.remote.http.W3CHttpResponseCodec.decode(W3CHttpResponseCodec.java:49)
	at org.openqa.selenium.remote.HttpCommandExecutor.execute(HttpCommandExecutor.java:158)
	at org.openqa.selenium.remote.service.DriverCommandExecutor.execute(DriverCommandExecutor.java:83)
	at org.openqa.selenium.remote.RemoteWebDriver.execute(RemoteWebDriver.java:552)
	at org.openqa.selenium.remote.RemoteWebDriver.findElement(RemoteWebDriver.java:323)
	at org.openqa.selenium.remote.RemoteWebDriver.findElementByXPath(RemoteWebDriver.java:428)
	at org.openqa.selenium.By$ByXPath.findElement(By.java:353)
	at org.openqa.selenium.remote.RemoteWebDriver.findElement(RemoteWebDriver.java:315)
	at com.qa.stepdefination.step_XeroSignUp.select_on_captcha(step_XeroSignUp.java:42)
	at ✽.Then check on captcha(signup.feature:6)
</pre></div>
					</li>
					<li test-id='8' class='node then skip' status='skip'><b>Then</b>
						<span class="bdd-step-name">Then select Terms and policy in the check box</span>
							<div class='pre'>skipped</div>
					</li>
					<li test-id='9' class='node then skip' status='skip'><b>Then</b>
						<span class="bdd-step-name">Then Click on Get started Button</span>
							<div class='pre'>skipped</div>
					</li>
				</ul>
		</li>
	</ul>
</div>
					</div>
				</li>
				
				
				<li class='test displayed active has-leaf fail' status='fail' bdd='true' test-id='10'>
					<div class='test-heading'>
						<span class='test-name'>Xero TestCases Login Feature</span>
						<span class='test-time'>Oct 26, 2020 10:51:36 PM</span>
						<span class='test-status right fail'>fail</span>
					</div>
					<div class='test-content hide'>
<div class='scenariooutline node' test-id='11' status='fail'>
	<span class='duration right label'>0h 1m 1s+78ms</span>
	<div class='desc'>
		<b>ScenarioOutline</b>
		<span class="desc-text">TD01ABC:Verify Login with valid username and password</span>
	</div>
	<ul class='steps'>
		<li test-id='12' class='node scenario fail' status='fail'>
			
			<b>Scenario</b>
			
			<span class="bdd-step-name">TD01ABC:Verify Login with valid username and password</span>
			
				<ul class='steps'>
					<li test-id='13' class='node given pass' status='pass'><b>Given</b>
						<span class="bdd-step-name">Given Navigate to the url</span>
							<div class='pre'>passed</div>
					</li>
					<li test-id='14' class='node given pass' status='pass'><b>Given</b>
						<span class="bdd-step-name">Given Click on Login Button</span>
							<div class='pre'>passed</div>
					</li>
					<li test-id='15' class='node then pass' status='pass'><b>Then</b>
						<span class="bdd-step-name">Then enters "poornimakatti03@gmail.com" and "Test123"</span>
							<div class='pre'>passed</div>
					</li>
					<li test-id='16' class='node then pass' status='pass'><b>Then</b>
						<span class="bdd-step-name">Then click on login button</span>
							<div class='pre'>passed</div>
					</li>
					<li test-id='17' class='node then fail' status='fail'><b>Then</b>
						<span class="bdd-step-name">Then user is on home page</span>
							<div class='pre'><textarea>org.junit.ComparisonFailure: expected:<[Xero | Dashboard | poornima]> but was:<[Login | Xero Accounting Software]>
	at org.junit.Assert.assertEquals(Assert.java:117)
	at org.junit.Assert.assertEquals(Assert.java:146)
	at com.qa.stepdefination.XeroBrowserUtility.home_page(XeroBrowserUtility.java:65)
	at com.qa.stepdefination.step_XeroLogin.user_is_on_home_page(step_XeroLogin.java:47)
	at ✽.Then user is on home page(xero.feature:7)
</textarea></div>
					</li>
				</ul>
		</li>
		<li test-id='18' class='node scenario fail' status='fail'>
			
			<b>Scenario</b>
			
			<span class="bdd-step-name">TD01ABC:Verify Login with valid username and password</span>
			
				<ul class='steps'>
					<li test-id='19' class='node given pass' status='pass'><b>Given</b>
						<span class="bdd-step-name">Given Navigate to the url</span>
							<div class='pre'>passed</div>
					</li>
					<li test-id='20' class='node given pass' status='pass'><b>Given</b>
						<span class="bdd-step-name">Given Click on Login Button</span>
							<div class='pre'>passed</div>
					</li>
					<li test-id='21' class='node then pass' status='pass'><b>Then</b>
						<span class="bdd-step-name">Then enters "poornimakatti3@gmail.com" and "Test12345"</span>
							<div class='pre'>passed</div>
					</li>
					<li test-id='22' class='node then pass' status='pass'><b>Then</b>
						<span class="bdd-step-name">Then click on login button</span>
							<div class='pre'>passed</div>
					</li>
					<li test-id='23' class='node then fail' status='fail'><b>Then</b>
						<span class="bdd-step-name">Then user is on home page</span>
							<div class='pre'><textarea>org.junit.ComparisonFailure: expected:<[Xero | Dashboard | poornima]> but was:<[Login | Xero Accounting Software]>
	at org.junit.Assert.assertEquals(Assert.java:117)
	at org.junit.Assert.assertEquals(Assert.java:146)
	at com.qa.stepdefination.XeroBrowserUtility.home_page(XeroBrowserUtility.java:65)
	at com.qa.stepdefination.step_XeroLogin.user_is_on_home_page(step_XeroLogin.java:47)
	at ✽.Then user is on home page(xero.feature:7)
</textarea></div>
					</li>
				</ul>
		</li>
		<li test-id='24' class='node scenario fail' status='fail'>
			
			<b>Scenario</b>
			
			<span class="bdd-step-name">TD01ABC:Verify Login with valid username and password</span>
			
				<ul class='steps'>
					<li test-id='25' class='node given pass' status='pass'><b>Given</b>
						<span class="bdd-step-name">Given Navigate to the url</span>
							<div class='pre'>passed</div>
					</li>
					<li test-id='26' class='node given pass' status='pass'><b>Given</b>
						<span class="bdd-step-name">Given Click on Login Button</span>
							<div class='pre'>passed</div>
					</li>
					<li test-id='27' class='node then pass' status='pass'><b>Then</b>
						<span class="bdd-step-name">Then enters "poornimakatti03@gmail.com" and "Test12345"</span>
							<div class='pre'>passed</div>
					</li>
					<li test-id='28' class='node then pass' status='pass'><b>Then</b>
						<span class="bdd-step-name">Then click on login button</span>
							<div class='pre'>passed</div>
					</li>
					<li test-id='29' class='node then fail' status='fail'><b>Then</b>
						<span class="bdd-step-name">Then user is on home page</span>
							<div class='pre'><textarea>org.junit.ComparisonFailure: expected:<[Xero | Dashboard | poornima]> but was:<[My Xero | Home]>
	at org.junit.Assert.assertEquals(Assert.java:117)
	at org.junit.Assert.assertEquals(Assert.java:146)
	at com.qa.stepdefination.XeroBrowserUtility.home_page(XeroBrowserUtility.java:65)
	at com.qa.stepdefination.step_XeroLogin.user_is_on_home_page(step_XeroLogin.java:47)
	at ✽.Then user is on home page(xero.feature:7)
</textarea></div>
					</li>
				</ul>
		</li>
	</ul>
</div>
					</div>
				</li>
			</ul>
		</div>
	</div>
	<!-- subview left -->

	<div class='subview-right left'>
		<div class='view-summary'>
			<h5 class='test-name'></h5>

			<div id='step-filters' class="right">
				<span class="blue-text" status="info" alt="info" title="info"><i class="material-icons">info_outline</i></span>
				<span class="green-text" status="pass" alt="pass" title="pass"><i class="material-icons">check_circle</i></span>
				<span class="red-text" status="fail" alt="fail" title="fail"><i class="material-icons">cancel</i></span>
				<span class="red-text text-darken-4" status="fatal" alt="fatal" title="fatal"><i class="material-icons">cancel</i></span>
				<span class="pink-text text-lighten-1" status="error" alt="error" title="error"><i class="material-icons">error</i></span>
				<span class="orange-text" alt="warning" status="warning" title="warning"><i class="material-icons">warning</i></span>
				<span class="teal-text" status="skip" alt="skip" title="skip"><i class="material-icons">redo</i></span>
				<span status="clear" alt="Clear filters" title="Clear filters"><i class="material-icons">clear</i></span>
			</div>
		</div>
	</div>
	<!-- subview right -->

</div>
<!-- test view -->
<!-- category view -->
<div id='exception-view' class='view hide'>

    <section id='controls'>
        <div class='controls grey lighten-4'>
            <!-- search -->
            <div class='chip transparent' alt='Search Tests' title='Search Tests'>
                <a href="#" class='search-div'>
                    <i class='material-icons'>search</i> Search
                </a>

                <div class='input-field left hide'>
                    <input id='search-tests' type='text' class='validate browser-default' placeholder='Search Tests...'>
                </div>

            </div>
            <!-- search -->
        </div>
    </section>

    <div class='subview-left left'>

        <div class='view-summary'>
            <h5>Exceptions</h3>
                <ul id='exception-collection' class='exception-collection'>

                        <li class='exception displayed active'>
                            <div class='exception-heading'>
                                <span class='exception-name'>org.openqa.selenium.NoSuchElementException</span>
                                <span class='exception-count right'><span class='label red lighten-1 white-text'>1</span></span>
                            </div>
                            <div class='exception-content hide'>
                                <div class='exception-tests'>
                                    <table class='bordered table-results'>
                                        <thead>
                                        <tr>
                                            <th>Timestamp</th>
                                            <th>TestName</th>
                                            <th>Status</th>
                                        </tr>
                                        </thead>
                                        <tbody>
                                                    <tr>
                                                        <td>Oct 26, 2020 10:51:36 PM</td>
                                                        <td class='linked' test-id='7'>Sign Up to XDC.ID02-A:Sign Up to XD.ID02-A:Sign Up to XD.Then check on captcha</td>
                                                        <td><pre><pre>org.openqa.selenium.NoSuchElementException: no such element: Unable to locate element: {"method":"xpath","selector":"//div//span[@id='recaptcha-anchor']"}
  (Session info: chrome=86.0.4240.111)
For documentation on this error, please visit: https://www.seleniumhq.org/exceptions/no_such_element.html
Build info: version: '3.141.59', revision: 'e82be7d358', time: '2018-11-14T08:17:03'
System info: host: 'MacBook-Pro.local', ip: 'fe80:0:0:0:14c5:3209:2c7b:a8cb%en0', os.name: 'Mac OS X', os.arch: 'x86_64', os.version: '10.15.5', java.version: '1.8.0_261'
Driver info: org.openqa.selenium.chrome.ChromeDriver
Capabilities {acceptInsecureCerts: false, browserName: chrome, browserVersion: 86.0.4240.111, chrome: {chromedriverVersion: 86.0.4240.22 (398b0743353ff..., userDataDir: /var/folders/x8/kk6n2vjn1k1...}, goog:chromeOptions: {debuggerAddress: localhost:58328}, javascriptEnabled: true, networkConnectionEnabled: false, pageLoadStrategy: normal, platform: MAC, platformName: MAC, proxy: Proxy(), setWindowRect: true, strictFileInteractability: false, timeouts: {implicit: 0, pageLoad: 300000, script: 30000}, unhandledPromptBehavior: dismiss and notify, webauthn:virtualAuthenticators: true}
Session ID: 979498fa3408fe999bf36b2c1587a00c
*** Element info: {Using=xpath, value=//div//span[@id='recaptcha-anchor']}
	at sun.reflect.NativeConstructorAccessorImpl.newInstance0(Native Method)
	at sun.reflect.NativeConstructorAccessorImpl.newInstance(NativeConstructorAccessorImpl.java:62)
	at sun.reflect.DelegatingConstructorAccessorImpl.newInstance(DelegatingConstructorAccessorImpl.java:45)
	at java.lang.reflect.Constructor.newInstance(Constructor.java:423)
	at org.openqa.selenium.remote.http.W3CHttpResponseCodec.createException(W3CHttpResponseCodec.java:187)
	at org.openqa.selenium.remote.http.W3CHttpResponseCodec.decode(W3CHttpResponseCodec.java:122)
	at org.openqa.selenium.remote.http.W3CHttpResponseCodec.decode(W3CHttpResponseCodec.java:49)
	at org.openqa.selenium.remote.HttpCommandExecutor.execute(HttpCommandExecutor.java:158)
	at org.openqa.selenium.remote.service.DriverCommandExecutor.execute(DriverCommandExecutor.java:83)
	at org.openqa.selenium.remote.RemoteWebDriver.execute(RemoteWebDriver.java:552)
	at org.openqa.selenium.remote.RemoteWebDriver.findElement(RemoteWebDriver.java:323)
	at org.openqa.selenium.remote.RemoteWebDriver.findElementByXPath(RemoteWebDriver.java:428)
	at org.openqa.selenium.By$ByXPath.findElement(By.java:353)
	at org.openqa.selenium.remote.RemoteWebDriver.findElement(RemoteWebDriver.java:315)
	at com.qa.stepdefination.step_XeroSignUp.select_on_captcha(step_XeroSignUp.java:42)
	at ✽.Then check on captcha(signup.feature:6)
</pre></pre></td>
                                                    </tr>
                                        </tbody>
                                    </table>
                                </div>
                            </div>
                        </li>
                        <li class='exception displayed active'>
                            <div class='exception-heading'>
                                <span class='exception-name'>org.junit.ComparisonFailure</span>
                                <span class='exception-count right'><span class='label red lighten-1 white-text'>3</span></span>
                            </div>
                            <div class='exception-content hide'>
                                <div class='exception-tests'>
                                    <table class='bordered table-results'>
                                        <thead>
                                        <tr>
                                            <th>Timestamp</th>
                                            <th>TestName</th>
                                            <th>Status</th>
                                        </tr>
                                        </thead>
                                        <tbody>
                                                    <tr>
                                                        <td>Oct 26, 2020 10:51:55 PM</td>
                                                        <td class='linked' test-id='17'>Xero TestCases Login Feature.TD01ABC:Verify Login with valid username and password.TD01ABC:Verify Login with valid username and password.Then user is on home page</td>
                                                        <td><pre><textarea>org.junit.ComparisonFailure: expected:<[Xero | Dashboard | poornima]> but was:<[Login | Xero Accounting Software]>
	at org.junit.Assert.assertEquals(Assert.java:117)
	at org.junit.Assert.assertEquals(Assert.java:146)
	at com.qa.stepdefination.XeroBrowserUtility.home_page(XeroBrowserUtility.java:65)
	at com.qa.stepdefination.step_XeroLogin.user_is_on_home_page(step_XeroLogin.java:47)
	at ✽.Then user is on home page(xero.feature:7)
</textarea></pre></td>
                                                    </tr>
                                                    <tr>
                                                        <td>Oct 26, 2020 10:52:13 PM</td>
                                                        <td class='linked' test-id='23'>Xero TestCases Login Feature.TD01ABC:Verify Login with valid username and password.TD01ABC:Verify Login with valid username and password.Then user is on home page</td>
                                                        <td><pre><textarea>org.junit.ComparisonFailure: expected:<[Xero | Dashboard | poornima]> but was:<[Login | Xero Accounting Software]>
	at org.junit.Assert.assertEquals(Assert.java:117)
	at org.junit.Assert.assertEquals(Assert.java:146)
	at com.qa.stepdefination.XeroBrowserUtility.home_page(XeroBrowserUtility.java:65)
	at com.qa.stepdefination.step_XeroLogin.user_is_on_home_page(step_XeroLogin.java:47)
	at ✽.Then user is on home page(xero.feature:7)
</textarea></pre></td>
                                                    </tr>
                                                    <tr>
                                                        <td>Oct 26, 2020 10:52:38 PM</td>
                                                        <td class='linked' test-id='29'>Xero TestCases Login Feature.TD01ABC:Verify Login with valid username and password.TD01ABC:Verify Login with valid username and password.Then user is on home page</td>
                                                        <td><pre><textarea>org.junit.ComparisonFailure: expected:<[Xero | Dashboard | poornima]> but was:<[My Xero | Home]>
	at org.junit.Assert.assertEquals(Assert.java:117)
	at org.junit.Assert.assertEquals(Assert.java:146)
	at com.qa.stepdefination.XeroBrowserUtility.home_page(XeroBrowserUtility.java:65)
	at com.qa.stepdefination.step_XeroLogin.user_is_on_home_page(step_XeroLogin.java:47)
	at ✽.Then user is on home page(xero.feature:7)
</textarea></pre></td>
                                                    </tr>
                                        </tbody>
                                    </table>
                                </div>
                            </div>
                        </li>
                </ul>
        </div>
    </div>

    <div class='subview-right left'>
        <div class='view-summary'>
            <h5 class='exception-name'></h5>
        </div>
    </div>
</div>
<!-- exception view -->
<div id='dashboard-view' class='view hide'>
	<div class='card-panel transparent np-v'>
		<h5>Dashboard</h5>

		<div class='row'>
			<div class='col s2'>
				<div class='card-panel r'>
					Features
					<div class='panel-lead'>2</div>
				</div>
			</div>
			<div class='col s2'>
				<div class='card-panel r'>
					Scenarios
					<div class='panel-lead'>4</div>
				</div>
			</div>
			<div class='col s2'>
				<div class='card-panel r'>
					Steps
					<div class='panel-lead'>21</div>
				</div>
			</div>
			<div class='col s2'>
				<div class='card-panel r'>
					Start
					<div class='panel-lead'>Oct 26, 2020 10:51:14 PM</div>
				</div>
			</div>
			<div class='col s2'>
				<div class='card-panel r'>
			 		End
			 		<div class='panel-lead'>Oct 26, 2020 10:52:38 PM</div>
				</div>
			</div>
			<div class='col s2'>
				<div class='card-panel r'>
					Time Taken
					<div class='panel-lead'>83,757ms</div>
				</div>
			</div>
		</div>
	</div>
</div>
<!-- dashboard view -->
<!-- testrunner-logs view -->
		</div>
		<!-- container -->

		<script>
			var statusGroup = {
				passParent: 0,
				failParent: 2,
				fatalParent: 0,
				errorParent: 0,
				warningParent: 0,
				skipParent: 0,
				exceptionsParent: 2,
				
				passChild: 0,
				failChild: 4,
				fatalChild: 0,
				errorChild: 0,
				warningChild: 0,
				skipChild: 0,
				infoChild: 0,
				exceptionsChild: 4,
				
				passGrandChild: 15,
				failGrandChild: 4,
				fatalGrandChild: 0,
				errorGrandChild: 0,
				warningGrandChild: 0,
				skipGrandChild: 2,
				infoGrandChild: 0,
				exceptionsGrandChild: 6,
			};
		</script>
		
			<script src='https://cdn.rawgit.com/anshooarora/extentreports-java/5ed7b0c339b51aa347b44ccaa2e2ff29905b2f9f/dist/js/extent.js' type='text/javascript'></script>
		
		
	</body>
	
</html>
